opening log file /home/jcress/sevone-watson-datachannel-2024/kafka-aiops-metric-connector/log//kafka-aiops-connector.log
Starting datachannel
/home/jcress/sevone-watson-datachannel-2024/kafka-aiops-metric-connector/python
/usr/lib64/python311.zip
/usr/lib64/python3.11
/usr/lib64/python3.11/lib-dynload
/home/jcress/.local/lib/python3.11/site-packages
/usr/local/lib64/python3.11/site-packages
/usr/local/lib/python3.11/site-packages
/usr/lib64/python3.11/site-packages
/usr/lib/python3.11/site-packages
/home/jcress/sevone-watson-datachannel-2024/kafka-aiops-metric-connector/python
/usr/lib64/python311.zip
/usr/lib64/python3.11
/usr/lib64/python3.11/lib-dynload
/home/jcress/.local/lib/python3.11/site-packages
/usr/local/lib64/python3.11/site-packages
/usr/local/lib/python3.11/site-packages
/usr/lib64/python3.11/site-packages
/usr/lib/python3.11/site-packages
/home/jcress/sevone-watson-datachannel-2024/kafka-aiops-metric-connector/python/transformers
