2024-02-13 12:14:10,145 INFO     Mediator started at: 13/02/2024 12:14:10

2024-02-13 12:14:10,145 INFO     Metrics to be ignored: 
2024-02-13 12:14:10,146 INFO     Counter/pegged metrics: 
2024-02-13 12:14:10,146 INFO     ifInDiscards
2024-02-13 12:14:10,146 INFO     ifHCInOctets
2024-02-13 12:14:10,146 INFO     ifOutOctets
2024-02-13 12:14:10,146 INFO     ifInOctets
2024-02-13 12:14:10,146 INFO     ifOutDiscards
2024-02-13 12:14:10,146 INFO     ifHCOutOctets
2024-02-13 12:14:10,146 INFO     ifOutUcastPkts
2024-02-13 12:14:10,146 INFO     ifInUcastPkts
2024-02-13 12:14:10,147 DEBUG    Global variables:{'__name__': '__main__', '__doc__': None, '__package__': None, '__loader__': <_frozen_importlib_external.SourceFileLoader object at 0x7f6508fbab50>, '__spec__': None, '__annotations__': {}, '__builtins__': <module 'builtins' (built-in)>, '__file__': '/home/jcress/sevone-watson-datachannel-2024/kafka-aiops-metric-connector/python/./kafka-aiops-metric-connector.py', '__cached__': None, 'sys': <module 'sys' (built-in)>, 'translateToWatsonMetric': <function translateToWatsonMetric at 0x7f65077be8e0>, 'gzip': <module 'gzip' from '/usr/lib64/python3.11/gzip.py'>, 'urllib': <module 'urllib' from '/usr/lib64/python3.11/urllib/__init__.py'>, 'base64': <module 'base64' from '/usr/lib64/python3.11/base64.py'>, 'DatumReader': <class 'avro.io.DatumReader'>, 'logging': <module 'logging' from '/usr/lib64/python3.11/logging/__init__.py'>, 'queue': <module 'queue' from '/usr/lib64/python3.11/queue.py'>, 'socket': <module 'socket' from '/usr/lib64/python3.11/socket.py'>, 'ssl': <module 'ssl' from '/usr/lib64/python3.11/ssl.py'>, 'time': <module 'time' (built-in)>, 'threading': <module 'threading' from '/usr/lib64/python3.11/threading.py'>, 'datetime': <class 'datetime.datetime'>, 'Consumer': <class 'cimpl.Consumer'>, 'KafkaError': <class 'cimpl.KafkaError'>, 'Producer': <class 'cimpl.Producer'>, 'AdminClient': <class 'confluent_kafka.admin.AdminClient'>, 'io': <module 'io' (frozen)>, 'json': <module 'json' from '/usr/lib64/python3.11/json/__init__.py'>, 'os': <module 'os' (frozen)>, 're': <module 're' from '/usr/lib64/python3.11/re/__init__.py'>, 'signal': <module 'signal' from '/usr/lib64/python3.11/signal.py'>, 'writeZipFile': <function writeZipFile at 0x7f6508f96020>, 'shutdownHandler': <function shutdownHandler at 0x7f65039c40e0>, 'reconfigHandler': <function reconfigHandler at 0x7f6503a08ea0>, 'loadProperties': <function loadProperties at 0x7f6503a08f40>, 'loadMetricsIgnore': <function loadMetricsIgnore at 0x7f6503a09440>, 'loadCounters': <function loadCounters at 0x7f6503a094e0>, 'acked': <function acked at 0x7f6503a09580>, 'produceMetric': <function produceMetric at 0x7f6503a09620>, 'postMetric': <function postMetric at 0x7f6503a096c0>, 'logTimeDelta': <function logTimeDelta at 0x7f6503a09760>, 'logTimeDeltaCron': <function logTimeDeltaCron at 0x7f6503a09800>, 'fastAvroDecode': <function fastAvroDecode at 0x7f6503a098a0>, 'writeRawJson': <function writeRawJson at 0x7f6503a09940>, 'publishMetric': <function publishMetric at 0x7f6503a099e0>, 'restQueueReader': <function restQueueReader at 0x7f6503a09a80>, 'kafkaReader': <function kafkaReader at 0x7f6503a09b20>, 'setupFilePaths': <function setupFilePaths at 0x7f6503a09bc0>, 'setupLogging': <function setupLogging at 0x7f6503a09c60>, 'configProperties': <function configProperties at 0x7f6503a09d00>, 'mediatorBinDir': '/home/jcress/sevone-watson-datachannel-2024/kafka-aiops-metric-connector/python/./kafka-aiops-metric-connector.py', 'mediatorHome': '/home/jcress/sevone-watson-datachannel-2024/kafka-aiops-metric-connector', 'ignoreMetrics': set(), 'counterMetrics': {'ifInDiscards', 'ifHCInOctets', 'ifOutOctets', 'ifInOctets', 'ifOutDiscards', 'ifHCOutOctets', 'ifOutUcastPkts', 'ifInUcastPkts'}, 'sevOneKafkaDataFormat': 'JSON', 'sevOneKafkaTopicName': 'sdb', 'sevOneKafkaServers': 'localhost:9092', 'sevOneKafkaSSL': 'false', 'watsonProductTarget': 'aiops', 'publishType': 'rest', 'watsonKafkaServers': 'watsonserver:9092', 'watsonKafkaTopicName': 'metrics', 'watsonKafkaSSL': 'false', 'watsonMetricGroup': 'zabbix', 'watsonTopicName': 'ZABBIX', 'watsonTopicAggInterval': '5', 'watsonTenantId': 'cfd95b7e-3bc7-4006-a4a8-a73a79c71255', 'watsonRestRoute': 'https://<deployment>.<cluster>.<domain>/aiops/api/app/metric-api/v1/metrics', 'watsonUser': 'admin', 'watsonApiKey': 'xxxxxxxxxxxxxxx', 'restMediationServiceAuthentication': 'true', 'restMediationServiceUsername': 'system', 'restMediationServicePassword': 'pi-rest-mediation-password', 'restMediationServiceProtocol': 'http', 'restMediationServiceHost': 'localhost', 'restMediationServicePort': '8197', 'logUniqueIndicators': 'false', 'logUniqueResources': 'false', 'loggingLevel': 'DEBUG', 'logRawJson': 'false', 'datachannelProps': {'sevOneKafkaDataFormat': 'JSON', 'sevOneKafkaTopicName': 'sdb', 'sevOneKafkaServers': 'localhost:9092', 'sevOneKafkaSSL': 'false', 'watsonProductTarget': 'aiops', 'publishType': 'rest', 'watsonKafkaServers': 'watsonserver:9092', 'watsonKafkaTopicName': 'metrics', 'watsonKafkaSSL': 'false', 'watsonMetricGroup': 'zabbix', 'watsonTopicName': 'ZABBIX', 'watsonTopicAggInterval': '5', 'watsonTenantId': 'cfd95b7e-3bc7-4006-a4a8-a73a79c71255', 'watsonRestRoute': 'https://<deployment>.<cluster>.<domain>/aiops/api/app/metric-api/v1/metrics', 'watsonUser': 'admin', 'watsonApiKey': 'xxxxxxxxxxxxxxx', 'restMediationServiceAuthentication': 'true', 'restMediationServiceUsername': 'system', 'restMediationServicePassword': 'pi-rest-mediation-password', 'restMediationServiceProtocol': 'http', 'restMediationServiceHost': 'localhost', 'restMediationServicePort': '8197', 'logUniqueIndicators': 'false', 'logUniqueResources': 'false', 'loggingLevel': 'DEBUG', 'logRawJson': 'false'}}
2024-02-13 12:14:10,147 DEBUG    datachannelProps: {'sevOneKafkaDataFormat': 'JSON', 'sevOneKafkaTopicName': 'sdb', 'sevOneKafkaServers': 'localhost:9092', 'sevOneKafkaSSL': 'false', 'watsonProductTarget': 'aiops', 'publishType': 'rest', 'watsonKafkaServers': 'watsonserver:9092', 'watsonKafkaTopicName': 'metrics', 'watsonKafkaSSL': 'false', 'watsonMetricGroup': 'zabbix', 'watsonTopicName': 'ZABBIX', 'watsonTopicAggInterval': '5', 'watsonTenantId': 'cfd95b7e-3bc7-4006-a4a8-a73a79c71255', 'watsonRestRoute': 'https://<deployment>.<cluster>.<domain>/aiops/api/app/metric-api/v1/metrics', 'watsonUser': 'admin', 'watsonApiKey': 'xxxxxxxxxxxxxxx', 'restMediationServiceAuthentication': 'true', 'restMediationServiceUsername': 'system', 'restMediationServicePassword': 'pi-rest-mediation-password', 'restMediationServiceProtocol': 'http', 'restMediationServiceHost': 'localhost', 'restMediationServicePort': '8197', 'logUniqueIndicators': 'false', 'logUniqueResources': 'false', 'loggingLevel': 'DEBUG', 'logRawJson': 'false'}
2024-02-13 12:14:10,147 DEBUG    sevOneKafkaServers = localhost:9092
2024-02-13 12:14:10,147 DEBUG    restMediationServiceAuthentication is true
2024-02-13 12:14:10,147 DEBUG    REST authentication required
2024-02-13 12:14:10,147 DEBUG    Auth header is: Basic c3lzdGVtOnBpLXJlc3QtbWVkaWF0aW9uLXBhc3N3b3Jk
2024-02-13 12:14:10,147 DEBUG    watsonTopicAggInterval = 5
2024-02-13 12:14:10,148 DEBUG    sevOneKafkaTopicName = sdb
2024-02-13 12:14:10,148 DEBUG    datachannel product target is: aiops
2024-02-13 12:14:10,148 DEBUG    AIOps tenant id is: cfd95b7e-3bc7-4006-a4a8-a73a79c71255
2024-02-13 12:14:10,148 INFO     SevOne Data Bus Kafka SSL not requested
2024-02-13 12:14:10,148 DEBUG    sevOneKafkaDataFormat = JSON
2024-02-13 12:14:10,148 DEBUG    Validate publisher type and if Kafka, configure Kafka properties, and if REST, start a restQueueThread
2024-02-13 12:14:10,148 DEBUG    publishType is 'rest', let's start a restQueueThread
2024-02-13 12:14:10,149 DEBUG    SevOne SDB Kafka connection does not require SSL
2024-02-13 12:14:10,149 DEBUG    kafka settings are: {'bootstrap.servers': 'localhost:9092', 'group.id': 'waiopsMetric-Restgroup', 'client.id': 'waiopsMetric-Restclient-1@ibm-hybrid-noi-onprem1.fyre.ibm.com', 'enable.auto.commit': False, 'session.timeout.ms': 6000, 'socket.timeout.ms': 3000, 'default.topic.config': {'auto.offset.reset': 'latest'}}
2024-02-13 12:14:10,155 DEBUG    Verifying SevOne kafka topic - listing topics
2024-02-13 12:14:10,156 INFO     ==============================================
2024-02-13 12:14:10,156 INFO     = IGNORE FOLLOWING PRODUCER WARNINGS         =
2024-02-13 12:14:10,156 INFO     ==============================================
